\BOOKMARK [1][-]{Doc-Start}{Preface}{}% 1
\BOOKMARK [1][-]{section.1}{Introduction to Autonomous Transport Robots}{}% 2
\BOOKMARK [2][-]{subsection.1.1}{History of transportation}{section.1}% 3
\BOOKMARK [2][-]{subsection.1.2}{Autonomous vehicles}{section.1}% 4
\BOOKMARK [2][-]{subsection.1.3}{Application of autonomous transport robots}{section.1}% 5
\BOOKMARK [1][-]{section.2}{Mobile Robots}{}% 6
\BOOKMARK [2][-]{subsection.2.1}{Classification of mobile robots siegrirt}{section.2}% 7
\BOOKMARK [3][-]{subsubsection.2.1.1}{Based on the medium in which the robot moves}{subsection.2.1}% 8
\BOOKMARK [3][-]{subsubsection.2.1.2}{Based on the locomotion mechanism}{subsection.2.1}% 9
\BOOKMARK [2][-]{subsection.2.2}{Legged Mobile Robots}{section.2}% 10
\BOOKMARK [2][-]{subsection.2.3}{Wheeled Mobile Robots}{section.2}% 11
\BOOKMARK [3][-]{subsubsection.2.3.1}{Wheel design}{subsection.2.3}% 12
\BOOKMARK [3][-]{subsubsection.2.3.2}{Wheel configurations}{subsection.2.3}% 13
\BOOKMARK [1][-]{section.3}{Conditions of the robot application }{}% 14
\BOOKMARK [2][-]{subsection.3.1}{Selecting a mobile robot configuration}{section.3}% 15
\BOOKMARK [2][-]{subsection.3.2}{Kinematics of three-wheeled omnidirectional robot}{section.3}% 16
\BOOKMARK [3][-]{subsubsection.3.2.1}{Basic relationships}{subsection.3.2}% 17
\BOOKMARK [3][-]{subsubsection.3.2.2}{2D Simulations}{subsection.3.2}% 18
\BOOKMARK [3][-]{subsubsection.3.2.3}{Realised robot config}{subsection.3.2}% 19
\BOOKMARK [2][-]{subsection.3.3}{Control and parameter estimation problems}{section.3}% 20
\BOOKMARK [2][-]{subsection.3.4}{DC motor speed analysis}{section.3}% 21
\BOOKMARK [3][-]{subsubsection.3.4.1}{System modelling}{subsection.3.4}% 22
\BOOKMARK [3][-]{subsubsection.3.4.2}{Step response analysis of the motors}{subsection.3.4}% 23
\BOOKMARK [3][-]{subsubsection.3.4.3}{Controller design using blackbox model dcmotor3}{subsection.3.4}% 24
\BOOKMARK [1][-]{figure.3.34}{References}{}% 25
